mode: set
martinezterapias/api/cmd/api/main.go:14.13,20.16 3 0
martinezterapias/api/cmd/api/main.go:20.16,22.3 1 0
martinezterapias/api/cmd/api/main.go:25.2,53.34 14 0
martinezterapias/api/cmd/api/main.go:53.34,57.36 4 0
martinezterapias/api/cmd/api/main.go:57.36,60.4 2 0
martinezterapias/api/cmd/api/main.go:61.3,61.11 1 0
martinezterapias/api/cmd/api/main.go:65.2,75.2 9 0
martinezterapias/api/cmd/api/main.go:75.2,84.3 6 0
martinezterapias/api/cmd/api/main.go:84.3,87.4 2 0
martinezterapias/api/cmd/api/main.go:87.4,90.5 2 0
martinezterapias/api/cmd/api/main.go:93.4,98.4 4 0
martinezterapias/api/cmd/api/main.go:98.4,101.5 2 0
martinezterapias/api/cmd/api/main.go:101.5,108.6 5 0
martinezterapias/api/cmd/api/main.go:111.5,112.5 2 0
martinezterapias/api/cmd/api/main.go:112.5,115.6 2 0
martinezterapias/api/cmd/api/main.go:118.5,119.5 2 0
martinezterapias/api/cmd/api/main.go:119.5,125.6 5 0
martinezterapias/api/cmd/api/main.go:128.5,129.5 2 0
martinezterapias/api/cmd/api/main.go:129.5,136.6 6 0
martinezterapias/api/cmd/api/main.go:139.5,140.5 2 0
martinezterapias/api/cmd/api/main.go:140.5,144.6 3 0
martinezterapias/api/cmd/api/main.go:148.4,149.4 2 0
martinezterapias/api/cmd/api/main.go:149.4,152.5 2 0
martinezterapias/api/cmd/api/main.go:155.4,157.4 3 0
martinezterapias/api/cmd/api/main.go:157.5,160.5 0 0
martinezterapias/api/cmd/api/main.go:165.2,166.2 2 0
martinezterapias/api/cmd/api/main.go:166.2,172.3 5 0
martinezterapias/api/cmd/api/main.go:175.2,176.34 2 0
martinezterapias/api/internal/core/domain/utils.go:15.51,16.16 1 0
martinezterapias/api/internal/core/domain/utils.go:16.16,18.3 1 0
martinezterapias/api/internal/core/domain/utils.go:19.2,19.60 1 0
martinezterapias/api/internal/core/domain/utils.go:23.55,24.28 1 0
martinezterapias/api/internal/core/domain/utils.go:24.28,27.3 2 0
martinezterapias/api/internal/core/domain/utils.go:29.2,30.49 2 0
martinezterapias/api/internal/core/domain/utils.go:30.49,32.3 1 0
martinezterapias/api/internal/core/domain/utils.go:34.2,35.16 2 0
martinezterapias/api/internal/core/domain/utils.go:35.16,37.17 2 0
martinezterapias/api/internal/core/domain/utils.go:37.17,39.18 2 0
martinezterapias/api/internal/core/domain/utils.go:39.18,41.5 1 0
martinezterapias/api/internal/core/domain/utils.go:45.2,46.12 2 0
martinezterapias/api/internal/config/config.go:13.26,15.22 2 0
martinezterapias/api/internal/config/config.go:15.22,17.3 1 0
martinezterapias/api/internal/config/config.go:19.2,20.23 2 0
martinezterapias/api/internal/config/config.go:20.23,22.3 1 0
martinezterapias/api/internal/config/config.go:26.2,27.21 2 0
martinezterapias/api/internal/config/config.go:27.21,29.3 1 0
martinezterapias/api/internal/config/config.go:31.2,35.3 1 0
martinezterapias/api/internal/adapters/secondary/agendamento_repository.go:27.44,29.2 1 0
martinezterapias/api/internal/adapters/secondary/agendamento_repository.go:32.58,43.2 1 0
martinezterapias/api/internal/adapters/secondary/agendamento_repository.go:46.74,57.2 1 0
martinezterapias/api/internal/adapters/secondary/agendamento_repository.go:65.72,70.2 2 0
martinezterapias/api/internal/adapters/secondary/agendamento_repository.go:73.73,75.49 2 0
martinezterapias/api/internal/adapters/secondary/agendamento_repository.go:75.49,77.3 1 0
martinezterapias/api/internal/adapters/secondary/agendamento_repository.go:79.2,80.31 2 0
martinezterapias/api/internal/adapters/secondary/agendamento_repository.go:80.31,82.3 1 0
martinezterapias/api/internal/adapters/secondary/agendamento_repository.go:84.2,84.26 1 0
martinezterapias/api/internal/adapters/secondary/agendamento_repository.go:88.85,90.69 2 0
martinezterapias/api/internal/adapters/secondary/agendamento_repository.go:90.69,92.3 1 0
martinezterapias/api/internal/adapters/secondary/agendamento_repository.go:94.2,95.26 2 0
martinezterapias/api/internal/adapters/secondary/agendamento_repository.go:99.100,101.84 2 0
martinezterapias/api/internal/adapters/secondary/agendamento_repository.go:101.84,103.3 1 0
martinezterapias/api/internal/adapters/secondary/agendamento_repository.go:105.2,106.31 2 0
martinezterapias/api/internal/adapters/secondary/agendamento_repository.go:106.31,108.3 1 0
martinezterapias/api/internal/adapters/secondary/agendamento_repository.go:110.2,110.26 1 0
martinezterapias/api/internal/adapters/secondary/agendamento_repository.go:114.114,116.98 2 0
martinezterapias/api/internal/adapters/secondary/agendamento_repository.go:116.98,118.3 1 0
martinezterapias/api/internal/adapters/secondary/agendamento_repository.go:120.2,121.31 2 0
martinezterapias/api/internal/adapters/secondary/agendamento_repository.go:121.31,123.3 1 0
martinezterapias/api/internal/adapters/secondary/agendamento_repository.go:125.2,125.26 1 0
martinezterapias/api/internal/adapters/secondary/agendamento_repository.go:129.108,131.105 2 0
martinezterapias/api/internal/adapters/secondary/agendamento_repository.go:131.105,133.3 1 0
martinezterapias/api/internal/adapters/secondary/agendamento_repository.go:135.2,136.31 2 0
martinezterapias/api/internal/adapters/secondary/agendamento_repository.go:136.31,138.3 1 0
martinezterapias/api/internal/adapters/secondary/agendamento_repository.go:140.2,140.26 1 0
martinezterapias/api/internal/adapters/secondary/agendamento_repository.go:144.109,146.77 2 0
martinezterapias/api/internal/adapters/secondary/agendamento_repository.go:146.77,148.3 1 0
martinezterapias/api/internal/adapters/secondary/agendamento_repository.go:150.2,151.31 2 0
martinezterapias/api/internal/adapters/secondary/agendamento_repository.go:151.31,153.3 1 0
martinezterapias/api/internal/adapters/secondary/agendamento_repository.go:155.2,155.26 1 0
martinezterapias/api/internal/adapters/secondary/agendamento_repository.go:159.79,161.49 2 0
martinezterapias/api/internal/adapters/secondary/agendamento_repository.go:161.49,163.3 1 0
martinezterapias/api/internal/adapters/secondary/agendamento_repository.go:166.2,167.12 2 0
martinezterapias/api/internal/adapters/secondary/agendamento_repository.go:171.79,173.47 2 0
martinezterapias/api/internal/adapters/secondary/agendamento_repository.go:173.47,175.3 1 0
martinezterapias/api/internal/adapters/secondary/agendamento_repository.go:178.2,179.12 2 0
martinezterapias/api/internal/adapters/secondary/agendamento_repository.go:183.99,184.115 1 0
martinezterapias/api/internal/adapters/secondary/agendamento_repository.go:184.115,186.3 1 0
martinezterapias/api/internal/adapters/secondary/agendamento_repository.go:187.2,187.12 1 0
martinezterapias/api/internal/adapters/secondary/agendamento_repository.go:191.60,192.67 1 0
martinezterapias/api/internal/adapters/secondary/agendamento_repository.go:192.67,194.3 1 0
martinezterapias/api/internal/adapters/secondary/agendamento_repository.go:195.2,195.12 1 0
martinezterapias/api/internal/adapters/secondary/anamnese_repository.go:29.41,31.2 1 0
martinezterapias/api/internal/adapters/secondary/anamnese_repository.go:34.52,47.2 1 0
martinezterapias/api/internal/adapters/secondary/anamnese_repository.go:50.65,63.2 1 0
martinezterapias/api/internal/adapters/secondary/anamnese_repository.go:71.66,76.2 2 0
martinezterapias/api/internal/adapters/secondary/anamnese_repository.go:79.67,81.49 2 0
martinezterapias/api/internal/adapters/secondary/anamnese_repository.go:81.49,83.3 1 0
martinezterapias/api/internal/adapters/secondary/anamnese_repository.go:85.2,86.31 2 0
martinezterapias/api/internal/adapters/secondary/anamnese_repository.go:86.31,88.3 1 0
martinezterapias/api/internal/adapters/secondary/anamnese_repository.go:90.2,90.23 1 0
martinezterapias/api/internal/adapters/secondary/anamnese_repository.go:94.79,96.69 2 0
martinezterapias/api/internal/adapters/secondary/anamnese_repository.go:96.69,98.3 1 0
martinezterapias/api/internal/adapters/secondary/anamnese_repository.go:100.2,101.23 2 0
martinezterapias/api/internal/adapters/secondary/anamnese_repository.go:105.94,107.117 2 0
martinezterapias/api/internal/adapters/secondary/anamnese_repository.go:107.117,109.3 1 0
martinezterapias/api/internal/adapters/secondary/anamnese_repository.go:111.2,112.31 2 0
martinezterapias/api/internal/adapters/secondary/anamnese_repository.go:112.31,114.3 1 0
martinezterapias/api/internal/adapters/secondary/anamnese_repository.go:116.2,116.23 1 0
martinezterapias/api/internal/adapters/secondary/anamnese_repository.go:120.70,122.49 2 0
martinezterapias/api/internal/adapters/secondary/anamnese_repository.go:122.49,124.3 1 0
martinezterapias/api/internal/adapters/secondary/anamnese_repository.go:127.2,128.12 2 0
martinezterapias/api/internal/adapters/secondary/anamnese_repository.go:132.70,134.47 2 0
martinezterapias/api/internal/adapters/secondary/anamnese_repository.go:134.47,136.3 1 0
martinezterapias/api/internal/adapters/secondary/anamnese_repository.go:139.2,140.12 2 0
martinezterapias/api/internal/adapters/secondary/cliente_repository.go:26.40,28.2 1 0
martinezterapias/api/internal/adapters/secondary/cliente_repository.go:31.50,46.2 4 0
martinezterapias/api/internal/adapters/secondary/cliente_repository.go:49.62,60.2 1 0
martinezterapias/api/internal/adapters/secondary/cliente_repository.go:68.64,73.2 2 0
martinezterapias/api/internal/adapters/secondary/cliente_repository.go:76.65,78.49 2 0
martinezterapias/api/internal/adapters/secondary/cliente_repository.go:78.49,80.3 1 0
martinezterapias/api/internal/adapters/secondary/cliente_repository.go:82.2,83.31 2 0
martinezterapias/api/internal/adapters/secondary/cliente_repository.go:83.31,85.3 1 0
martinezterapias/api/internal/adapters/secondary/cliente_repository.go:87.2,87.22 1 0
martinezterapias/api/internal/adapters/secondary/cliente_repository.go:91.77,93.69 2 0
martinezterapias/api/internal/adapters/secondary/cliente_repository.go:93.69,95.3 1 0
martinezterapias/api/internal/adapters/secondary/cliente_repository.go:97.2,98.22 2 0
martinezterapias/api/internal/adapters/secondary/cliente_repository.go:102.79,104.93 2 0
martinezterapias/api/internal/adapters/secondary/cliente_repository.go:104.93,106.3 1 0
martinezterapias/api/internal/adapters/secondary/cliente_repository.go:108.2,109.31 2 0
martinezterapias/api/internal/adapters/secondary/cliente_repository.go:109.31,111.3 1 0
martinezterapias/api/internal/adapters/secondary/cliente_repository.go:113.2,113.22 1 0
martinezterapias/api/internal/adapters/secondary/cliente_repository.go:117.80,119.75 2 0
martinezterapias/api/internal/adapters/secondary/cliente_repository.go:119.75,121.3 1 0
martinezterapias/api/internal/adapters/secondary/cliente_repository.go:123.2,124.22 2 0
martinezterapias/api/internal/adapters/secondary/cliente_repository.go:128.79,130.75 2 0
martinezterapias/api/internal/adapters/secondary/cliente_repository.go:130.75,132.3 1 0
martinezterapias/api/internal/adapters/secondary/cliente_repository.go:134.2,135.31 2 0
martinezterapias/api/internal/adapters/secondary/cliente_repository.go:135.31,137.3 1 0
martinezterapias/api/internal/adapters/secondary/cliente_repository.go:139.2,139.22 1 0
martinezterapias/api/internal/adapters/secondary/cliente_repository.go:143.67,145.49 2 0
martinezterapias/api/internal/adapters/secondary/cliente_repository.go:145.49,147.3 1 0
martinezterapias/api/internal/adapters/secondary/cliente_repository.go:150.2,151.12 2 0
martinezterapias/api/internal/adapters/secondary/cliente_repository.go:155.67,157.47 2 0
martinezterapias/api/internal/adapters/secondary/cliente_repository.go:157.47,159.3 1 0
martinezterapias/api/internal/adapters/secondary/cliente_repository.go:162.2,163.12 2 0
martinezterapias/api/internal/adapters/secondary/cliente_repository.go:167.60,169.101 1 0
martinezterapias/api/internal/adapters/secondary/cliente_repository.go:169.101,171.3 1 0
martinezterapias/api/internal/adapters/secondary/cliente_repository.go:172.2,172.12 1 0
martinezterapias/api/internal/adapters/secondary/database.go:11.66,13.16 2 0
martinezterapias/api/internal/adapters/secondary/database.go:13.16,15.3 1 0
martinezterapias/api/internal/adapters/secondary/database.go:18.2,21.16 2 0
martinezterapias/api/internal/adapters/secondary/database.go:21.16,23.3 1 0
martinezterapias/api/internal/adapters/secondary/database.go:25.2,25.16 1 0
martinezterapias/api/internal/adapters/secondary/servico_repository.go:24.40,26.2 1 0
martinezterapias/api/internal/adapters/secondary/servico_repository.go:29.50,38.2 1 0
martinezterapias/api/internal/adapters/secondary/servico_repository.go:41.62,50.2 1 0
martinezterapias/api/internal/adapters/secondary/servico_repository.go:58.64,63.2 2 0
martinezterapias/api/internal/adapters/secondary/servico_repository.go:66.65,68.49 2 0
martinezterapias/api/internal/adapters/secondary/servico_repository.go:68.49,70.3 1 0
martinezterapias/api/internal/adapters/secondary/servico_repository.go:72.2,73.31 2 0
martinezterapias/api/internal/adapters/secondary/servico_repository.go:73.31,75.3 1 0
martinezterapias/api/internal/adapters/secondary/servico_repository.go:77.2,77.22 1 0
martinezterapias/api/internal/adapters/secondary/servico_repository.go:81.77,83.69 2 0
martinezterapias/api/internal/adapters/secondary/servico_repository.go:83.69,85.3 1 0
martinezterapias/api/internal/adapters/secondary/servico_repository.go:87.2,88.22 2 0
martinezterapias/api/internal/adapters/secondary/servico_repository.go:92.67,94.49 2 0
martinezterapias/api/internal/adapters/secondary/servico_repository.go:94.49,96.3 1 0
martinezterapias/api/internal/adapters/secondary/servico_repository.go:99.2,100.12 2 0
martinezterapias/api/internal/adapters/secondary/servico_repository.go:104.67,106.47 2 0
martinezterapias/api/internal/adapters/secondary/servico_repository.go:106.47,108.3 1 0
martinezterapias/api/internal/adapters/secondary/servico_repository.go:111.2,112.12 2 0
martinezterapias/api/internal/adapters/secondary/servico_repository.go:116.56,117.63 1 0
martinezterapias/api/internal/adapters/secondary/servico_repository.go:117.63,119.3 1 0
martinezterapias/api/internal/adapters/secondary/servico_repository.go:120.2,120.12 1 0
martinezterapias/api/internal/adapters/secondary/user_repository.go:19.44,28.2 1 0
martinezterapias/api/internal/adapters/secondary/user_repository.go:31.49,42.2 1 0
martinezterapias/api/internal/adapters/secondary/user_repository.go:50.58,52.2 1 0
martinezterapias/api/internal/adapters/secondary/user_repository.go:55.59,57.49 2 0
martinezterapias/api/internal/adapters/secondary/user_repository.go:57.49,59.3 1 0
martinezterapias/api/internal/adapters/secondary/user_repository.go:61.2,62.31 2 0
martinezterapias/api/internal/adapters/secondary/user_repository.go:62.31,64.3 1 0
martinezterapias/api/internal/adapters/secondary/user_repository.go:66.2,66.19 1 0
martinezterapias/api/internal/adapters/secondary/user_repository.go:70.66,72.53 2 0
martinezterapias/api/internal/adapters/secondary/user_repository.go:72.53,74.3 1 0
martinezterapias/api/internal/adapters/secondary/user_repository.go:76.2,77.19 2 0
martinezterapias/api/internal/adapters/secondary/user_repository.go:81.58,83.49 2 0
martinezterapias/api/internal/adapters/secondary/user_repository.go:83.49,85.3 1 0
martinezterapias/api/internal/adapters/secondary/user_repository.go:87.2,88.12 2 0
martinezterapias/api/internal/adapters/secondary/user_repository.go:92.58,94.47 2 0
martinezterapias/api/internal/adapters/secondary/user_repository.go:94.47,96.3 1 0
martinezterapias/api/internal/adapters/secondary/user_repository.go:98.2,99.12 2 0
martinezterapias/api/internal/adapters/secondary/user_repository.go:103.48,105.2 1 0
martinezterapias/api/internal/adapters/secondary/usuario_repository.go:27.40,29.2 1 0
martinezterapias/api/internal/adapters/secondary/usuario_repository.go:32.50,43.2 1 0
martinezterapias/api/internal/adapters/secondary/usuario_repository.go:46.62,57.2 1 0
martinezterapias/api/internal/adapters/secondary/usuario_repository.go:65.64,70.2 2 0
martinezterapias/api/internal/adapters/secondary/usuario_repository.go:73.65,75.49 2 0
martinezterapias/api/internal/adapters/secondary/usuario_repository.go:75.49,77.3 1 0
martinezterapias/api/internal/adapters/secondary/usuario_repository.go:79.2,80.31 2 0
martinezterapias/api/internal/adapters/secondary/usuario_repository.go:80.31,82.3 1 0
martinezterapias/api/internal/adapters/secondary/usuario_repository.go:84.2,84.22 1 0
martinezterapias/api/internal/adapters/secondary/usuario_repository.go:88.77,90.69 2 0
martinezterapias/api/internal/adapters/secondary/usuario_repository.go:90.69,92.3 1 0
martinezterapias/api/internal/adapters/secondary/usuario_repository.go:94.2,95.22 2 0
martinezterapias/api/internal/adapters/secondary/usuario_repository.go:99.80,101.75 2 0
martinezterapias/api/internal/adapters/secondary/usuario_repository.go:101.75,103.3 1 0
martinezterapias/api/internal/adapters/secondary/usuario_repository.go:105.2,106.22 2 0
martinezterapias/api/internal/adapters/secondary/usuario_repository.go:110.67,112.49 2 0
martinezterapias/api/internal/adapters/secondary/usuario_repository.go:112.49,114.3 1 0
martinezterapias/api/internal/adapters/secondary/usuario_repository.go:117.2,118.12 2 0
martinezterapias/api/internal/adapters/secondary/usuario_repository.go:122.67,124.47 2 0
martinezterapias/api/internal/adapters/secondary/usuario_repository.go:124.47,126.3 1 0
martinezterapias/api/internal/adapters/secondary/usuario_repository.go:129.2,130.12 2 0
martinezterapias/api/internal/adapters/secondary/usuario_repository.go:134.60,136.101 1 0
martinezterapias/api/internal/adapters/secondary/usuario_repository.go:136.101,138.3 1 0
martinezterapias/api/internal/adapters/secondary/usuario_repository.go:139.2,139.12 1 0
martinezterapias/api/internal/adapters/primary/agendamento_handler.go:21.93,25.2 1 1
martinezterapias/api/internal/adapters/primary/agendamento_handler.go:41.53,51.45 6 1
martinezterapias/api/internal/adapters/primary/agendamento_handler.go:51.45,55.40 3 0
martinezterapias/api/internal/adapters/primary/agendamento_handler.go:55.40,58.4 2 0
martinezterapias/api/internal/adapters/primary/agendamento_handler.go:61.3,63.77 2 0
martinezterapias/api/internal/adapters/primary/agendamento_handler.go:64.8,64.25 1 1
martinezterapias/api/internal/adapters/primary/agendamento_handler.go:64.25,67.17 2 0
martinezterapias/api/internal/adapters/primary/agendamento_handler.go:68.19,69.45 1 0
martinezterapias/api/internal/adapters/primary/agendamento_handler.go:70.21,71.47 1 0
martinezterapias/api/internal/adapters/primary/agendamento_handler.go:72.20,73.46 1 0
martinezterapias/api/internal/adapters/primary/agendamento_handler.go:74.20,75.46 1 0
martinezterapias/api/internal/adapters/primary/agendamento_handler.go:76.11,78.10 2 0
martinezterapias/api/internal/adapters/primary/agendamento_handler.go:81.3,81.74 1 0
martinezterapias/api/internal/adapters/primary/agendamento_handler.go:82.8,84.3 1 1
martinezterapias/api/internal/adapters/primary/agendamento_handler.go:86.2,86.16 1 1
martinezterapias/api/internal/adapters/primary/agendamento_handler.go:86.16,89.3 2 0
martinezterapias/api/internal/adapters/primary/agendamento_handler.go:91.2,91.37 1 1
martinezterapias/api/internal/adapters/primary/agendamento_handler.go:106.54,108.16 2 1
martinezterapias/api/internal/adapters/primary/agendamento_handler.go:108.16,111.3 2 0
martinezterapias/api/internal/adapters/primary/agendamento_handler.go:113.2,114.16 2 1
martinezterapias/api/internal/adapters/primary/agendamento_handler.go:114.16,117.3 2 0
martinezterapias/api/internal/adapters/primary/agendamento_handler.go:119.2,119.36 1 1
martinezterapias/api/internal/adapters/primary/agendamento_handler.go:135.53,137.55 2 1
martinezterapias/api/internal/adapters/primary/agendamento_handler.go:137.55,140.3 2 0
martinezterapias/api/internal/adapters/primary/agendamento_handler.go:143.2,143.39 1 1
martinezterapias/api/internal/adapters/primary/agendamento_handler.go:143.39,146.3 2 0
martinezterapias/api/internal/adapters/primary/agendamento_handler.go:148.2,148.39 1 1
martinezterapias/api/internal/adapters/primary/agendamento_handler.go:148.39,151.3 2 0
martinezterapias/api/internal/adapters/primary/agendamento_handler.go:153.2,153.46 1 1
martinezterapias/api/internal/adapters/primary/agendamento_handler.go:153.46,156.3 2 0
martinezterapias/api/internal/adapters/primary/agendamento_handler.go:158.2,158.35 1 1
martinezterapias/api/internal/adapters/primary/agendamento_handler.go:158.35,161.3 2 0
martinezterapias/api/internal/adapters/primary/agendamento_handler.go:163.2,163.66 1 1
martinezterapias/api/internal/adapters/primary/agendamento_handler.go:163.66,166.3 2 0
martinezterapias/api/internal/adapters/primary/agendamento_handler.go:168.2,168.41 1 1
martinezterapias/api/internal/adapters/primary/agendamento_handler.go:186.53,188.16 2 1
martinezterapias/api/internal/adapters/primary/agendamento_handler.go:188.16,191.3 2 0
martinezterapias/api/internal/adapters/primary/agendamento_handler.go:194.2,195.16 2 1
martinezterapias/api/internal/adapters/primary/agendamento_handler.go:195.16,198.3 2 0
martinezterapias/api/internal/adapters/primary/agendamento_handler.go:200.2,201.55 2 1
martinezterapias/api/internal/adapters/primary/agendamento_handler.go:201.55,204.3 2 0
martinezterapias/api/internal/adapters/primary/agendamento_handler.go:207.2,209.66 2 1
martinezterapias/api/internal/adapters/primary/agendamento_handler.go:209.66,212.3 2 0
martinezterapias/api/internal/adapters/primary/agendamento_handler.go:214.2,214.36 1 1
martinezterapias/api/internal/adapters/primary/agendamento_handler.go:232.59,234.16 2 1
martinezterapias/api/internal/adapters/primary/agendamento_handler.go:234.16,237.3 2 0
martinezterapias/api/internal/adapters/primary/agendamento_handler.go:239.2,243.51 2 1
martinezterapias/api/internal/adapters/primary/agendamento_handler.go:243.51,246.3 2 0
martinezterapias/api/internal/adapters/primary/agendamento_handler.go:249.2,250.24 2 1
martinezterapias/api/internal/adapters/primary/agendamento_handler.go:251.18,252.44 1 0
martinezterapias/api/internal/adapters/primary/agendamento_handler.go:253.20,254.46 1 0
martinezterapias/api/internal/adapters/primary/agendamento_handler.go:255.19,256.45 1 1
martinezterapias/api/internal/adapters/primary/agendamento_handler.go:257.19,258.45 1 0
martinezterapias/api/internal/adapters/primary/agendamento_handler.go:259.10,261.9 2 0
martinezterapias/api/internal/adapters/primary/agendamento_handler.go:264.2,264.81 1 1
martinezterapias/api/internal/adapters/primary/agendamento_handler.go:264.81,267.3 2 0
martinezterapias/api/internal/adapters/primary/agendamento_handler.go:269.2,269.74 1 1
martinezterapias/api/internal/adapters/primary/agendamento_handler.go:284.53,286.16 2 1
martinezterapias/api/internal/adapters/primary/agendamento_handler.go:286.16,289.3 2 0
martinezterapias/api/internal/adapters/primary/agendamento_handler.go:291.2,291.56 1 1
martinezterapias/api/internal/adapters/primary/agendamento_handler.go:291.56,294.3 2 0
martinezterapias/api/internal/adapters/primary/agendamento_handler.go:296.2,296.32 1 1
martinezterapias/api/internal/adapters/primary/agendamento_handler.go:312.69,314.16 2 1
martinezterapias/api/internal/adapters/primary/agendamento_handler.go:314.16,317.3 2 0
martinezterapias/api/internal/adapters/primary/agendamento_handler.go:320.2,321.13 2 1
martinezterapias/api/internal/adapters/primary/agendamento_handler.go:321.13,324.3 2 0
martinezterapias/api/internal/adapters/primary/agendamento_handler.go:326.2,327.9 2 1
martinezterapias/api/internal/adapters/primary/agendamento_handler.go:327.9,330.3 2 0
martinezterapias/api/internal/adapters/primary/agendamento_handler.go:334.2,335.16 2 1
martinezterapias/api/internal/adapters/primary/agendamento_handler.go:335.16,338.3 2 0
martinezterapias/api/internal/adapters/primary/agendamento_handler.go:341.2,343.12 3 1
martinezterapias/api/internal/adapters/primary/agendamento_handler.go:343.12,345.3 1 1
martinezterapias/api/internal/adapters/primary/agendamento_handler.go:348.2,350.20 2 1
martinezterapias/api/internal/adapters/primary/agendamento_handler.go:350.20,353.3 2 0
martinezterapias/api/internal/adapters/primary/agendamento_handler.go:356.2,357.16 2 1
martinezterapias/api/internal/adapters/primary/agendamento_handler.go:357.16,360.3 2 0
martinezterapias/api/internal/adapters/primary/agendamento_handler.go:362.2,364.4 1 1
martinezterapias/api/internal/adapters/primary/anamnese_handler.go:19.81,23.2 1 1
martinezterapias/api/internal/adapters/primary/anamnese_handler.go:35.50,37.16 2 1
martinezterapias/api/internal/adapters/primary/anamnese_handler.go:37.16,40.3 2 1
martinezterapias/api/internal/adapters/primary/anamnese_handler.go:42.2,42.34 1 1
martinezterapias/api/internal/adapters/primary/anamnese_handler.go:57.51,59.16 2 1
martinezterapias/api/internal/adapters/primary/anamnese_handler.go:59.16,62.3 2 1
martinezterapias/api/internal/adapters/primary/anamnese_handler.go:64.2,65.16 2 1
martinezterapias/api/internal/adapters/primary/anamnese_handler.go:65.16,68.3 2 1
martinezterapias/api/internal/adapters/primary/anamnese_handler.go:70.2,70.33 1 1
martinezterapias/api/internal/adapters/primary/anamnese_handler.go:85.58,87.16 2 1
martinezterapias/api/internal/adapters/primary/anamnese_handler.go:87.16,90.3 2 1
martinezterapias/api/internal/adapters/primary/anamnese_handler.go:92.2,93.16 2 1
martinezterapias/api/internal/adapters/primary/anamnese_handler.go:93.16,96.3 2 1
martinezterapias/api/internal/adapters/primary/anamnese_handler.go:98.2,98.34 1 1
martinezterapias/api/internal/adapters/primary/anamnese_handler.go:115.50,117.16 2 1
martinezterapias/api/internal/adapters/primary/anamnese_handler.go:117.16,120.3 2 1
martinezterapias/api/internal/adapters/primary/anamnese_handler.go:122.2,123.52 2 1
martinezterapias/api/internal/adapters/primary/anamnese_handler.go:123.52,126.3 2 0
martinezterapias/api/internal/adapters/primary/anamnese_handler.go:129.2,131.60 2 1
martinezterapias/api/internal/adapters/primary/anamnese_handler.go:131.60,134.3 2 1
martinezterapias/api/internal/adapters/primary/anamnese_handler.go:136.2,136.38 1 1
martinezterapias/api/internal/adapters/primary/anamnese_handler.go:154.50,156.16 2 1
martinezterapias/api/internal/adapters/primary/anamnese_handler.go:156.16,159.3 2 0
martinezterapias/api/internal/adapters/primary/anamnese_handler.go:162.2,163.16 2 1
martinezterapias/api/internal/adapters/primary/anamnese_handler.go:163.16,166.3 2 0
martinezterapias/api/internal/adapters/primary/anamnese_handler.go:168.2,169.52 2 1
martinezterapias/api/internal/adapters/primary/anamnese_handler.go:169.52,172.3 2 0
martinezterapias/api/internal/adapters/primary/anamnese_handler.go:175.2,179.43 3 1
martinezterapias/api/internal/adapters/primary/anamnese_handler.go:179.43,181.3 1 0
martinezterapias/api/internal/adapters/primary/anamnese_handler.go:183.2,183.60 1 1
martinezterapias/api/internal/adapters/primary/anamnese_handler.go:183.60,186.3 2 0
martinezterapias/api/internal/adapters/primary/anamnese_handler.go:188.2,188.33 1 1
martinezterapias/api/internal/adapters/primary/auth_handler.go:18.71,22.2 1 1
martinezterapias/api/internal/adapters/primary/auth_handler.go:39.49,41.51 2 1
martinezterapias/api/internal/adapters/primary/auth_handler.go:41.51,44.3 2 0
martinezterapias/api/internal/adapters/primary/auth_handler.go:47.2,54.75 2 1
martinezterapias/api/internal/adapters/primary/auth_handler.go:54.75,57.3 2 1
martinezterapias/api/internal/adapters/primary/auth_handler.go:60.2,62.37 2 1
martinezterapias/api/internal/adapters/primary/auth_handler.go:66.54,68.51 2 1
martinezterapias/api/internal/adapters/primary/auth_handler.go:68.51,71.3 2 0
martinezterapias/api/internal/adapters/primary/auth_handler.go:74.2,75.37 2 1
martinezterapias/api/internal/adapters/primary/auth_handler.go:75.37,78.30 2 1
martinezterapias/api/internal/adapters/primary/auth_handler.go:78.30,79.38 1 1
martinezterapias/api/internal/adapters/primary/auth_handler.go:79.38,81.10 2 1
martinezterapias/api/internal/adapters/primary/auth_handler.go:86.3,86.18 1 1
martinezterapias/api/internal/adapters/primary/auth_handler.go:86.18,89.4 2 1
martinezterapias/api/internal/adapters/primary/auth_handler.go:93.2,100.75 2 1
martinezterapias/api/internal/adapters/primary/auth_handler.go:100.75,103.3 2 0
martinezterapias/api/internal/adapters/primary/auth_handler.go:106.2,108.37 2 1
martinezterapias/api/internal/adapters/primary/auth_handler.go:112.45,114.51 2 1
martinezterapias/api/internal/adapters/primary/auth_handler.go:114.51,117.3 2 1
martinezterapias/api/internal/adapters/primary/auth_handler.go:119.2,120.16 2 1
martinezterapias/api/internal/adapters/primary/auth_handler.go:120.16,123.3 2 1
martinezterapias/api/internal/adapters/primary/auth_handler.go:125.2,125.38 1 1
martinezterapias/api/internal/adapters/primary/cliente_handler.go:20.77,24.2 1 1
martinezterapias/api/internal/adapters/primary/cliente_handler.go:36.49,45.16 5 1
martinezterapias/api/internal/adapters/primary/cliente_handler.go:45.16,47.3 1 0
martinezterapias/api/internal/adapters/primary/cliente_handler.go:47.8,47.29 1 1
martinezterapias/api/internal/adapters/primary/cliente_handler.go:47.29,50.3 2 0
martinezterapias/api/internal/adapters/primary/cliente_handler.go:50.8,52.3 1 1
martinezterapias/api/internal/adapters/primary/cliente_handler.go:54.2,54.16 1 1
martinezterapias/api/internal/adapters/primary/cliente_handler.go:54.16,57.3 2 0
martinezterapias/api/internal/adapters/primary/cliente_handler.go:59.2,59.33 1 1
martinezterapias/api/internal/adapters/primary/cliente_handler.go:72.50,74.16 2 1
martinezterapias/api/internal/adapters/primary/cliente_handler.go:74.16,77.3 2 0
martinezterapias/api/internal/adapters/primary/cliente_handler.go:79.2,80.16 2 1
martinezterapias/api/internal/adapters/primary/cliente_handler.go:80.16,83.3 2 0
martinezterapias/api/internal/adapters/primary/cliente_handler.go:85.2,85.32 1 1
martinezterapias/api/internal/adapters/primary/cliente_handler.go:99.49,102.51 2 1
martinezterapias/api/internal/adapters/primary/cliente_handler.go:102.51,105.3 2 0
martinezterapias/api/internal/adapters/primary/cliente_handler.go:108.2,111.63 2 1
martinezterapias/api/internal/adapters/primary/cliente_handler.go:111.63,113.3 1 1
martinezterapias/api/internal/adapters/primary/cliente_handler.go:114.2,114.48 1 1
martinezterapias/api/internal/adapters/primary/cliente_handler.go:114.48,116.3 1 1
martinezterapias/api/internal/adapters/primary/cliente_handler.go:117.2,117.44 1 1
martinezterapias/api/internal/adapters/primary/cliente_handler.go:117.44,119.3 1 1
martinezterapias/api/internal/adapters/primary/cliente_handler.go:120.2,120.54 1 1
martinezterapias/api/internal/adapters/primary/cliente_handler.go:120.54,122.3 1 1
martinezterapias/api/internal/adapters/primary/cliente_handler.go:125.2,125.85 1 1
martinezterapias/api/internal/adapters/primary/cliente_handler.go:125.85,128.17 2 1
martinezterapias/api/internal/adapters/primary/cliente_handler.go:128.17,130.4 1 1
martinezterapias/api/internal/adapters/primary/cliente_handler.go:130.9,133.18 2 0
martinezterapias/api/internal/adapters/primary/cliente_handler.go:133.18,135.5 1 0
martinezterapias/api/internal/adapters/primary/cliente_handler.go:135.10,139.5 2 0
martinezterapias/api/internal/adapters/primary/cliente_handler.go:141.8,143.3 1 0
martinezterapias/api/internal/adapters/primary/cliente_handler.go:146.2,146.81 1 1
martinezterapias/api/internal/adapters/primary/cliente_handler.go:146.81,149.3 2 0
martinezterapias/api/internal/adapters/primary/cliente_handler.go:151.2,151.58 1 1
martinezterapias/api/internal/adapters/primary/cliente_handler.go:151.58,154.3 2 0
martinezterapias/api/internal/adapters/primary/cliente_handler.go:156.2,156.37 1 1
martinezterapias/api/internal/adapters/primary/cliente_handler.go:172.49,174.16 2 0
martinezterapias/api/internal/adapters/primary/cliente_handler.go:174.16,177.3 2 0
martinezterapias/api/internal/adapters/primary/cliente_handler.go:180.2,181.16 2 0
martinezterapias/api/internal/adapters/primary/cliente_handler.go:181.16,184.3 2 0
martinezterapias/api/internal/adapters/primary/cliente_handler.go:186.2,187.51 2 0
martinezterapias/api/internal/adapters/primary/cliente_handler.go:187.51,190.3 2 0
martinezterapias/api/internal/adapters/primary/cliente_handler.go:193.2,195.58 2 0
martinezterapias/api/internal/adapters/primary/cliente_handler.go:195.58,198.3 2 0
martinezterapias/api/internal/adapters/primary/cliente_handler.go:200.2,200.32 1 0
martinezterapias/api/internal/adapters/primary/cliente_handler.go:213.49,215.16 2 0
martinezterapias/api/internal/adapters/primary/cliente_handler.go:215.16,218.3 2 0
martinezterapias/api/internal/adapters/primary/cliente_handler.go:220.2,220.52 1 0
martinezterapias/api/internal/adapters/primary/cliente_handler.go:220.52,223.3 2 0
martinezterapias/api/internal/adapters/primary/cliente_handler.go:225.2,225.32 1 0
martinezterapias/api/internal/adapters/primary/perfil_handler.go:19.75,23.2 1 1
martinezterapias/api/internal/adapters/primary/perfil_handler.go:35.51,38.13 2 1
martinezterapias/api/internal/adapters/primary/perfil_handler.go:38.13,41.3 2 1
martinezterapias/api/internal/adapters/primary/perfil_handler.go:43.2,44.9 2 0
martinezterapias/api/internal/adapters/primary/perfil_handler.go:44.9,47.3 2 0
martinezterapias/api/internal/adapters/primary/perfil_handler.go:50.2,51.16 2 0
martinezterapias/api/internal/adapters/primary/perfil_handler.go:51.16,54.3 2 0
martinezterapias/api/internal/adapters/primary/perfil_handler.go:56.2,56.31 1 0
martinezterapias/api/internal/adapters/primary/perfil_handler.go:69.57,72.13 2 1
martinezterapias/api/internal/adapters/primary/perfil_handler.go:72.13,75.3 2 1
martinezterapias/api/internal/adapters/primary/perfil_handler.go:77.2,78.9 2 0
martinezterapias/api/internal/adapters/primary/perfil_handler.go:78.9,81.3 2 0
martinezterapias/api/internal/adapters/primary/perfil_handler.go:84.2,85.16 2 0
martinezterapias/api/internal/adapters/primary/perfil_handler.go:85.16,88.3 2 0
martinezterapias/api/internal/adapters/primary/perfil_handler.go:90.2,90.37 1 0
martinezterapias/api/internal/adapters/primary/servico_handler.go:19.77,23.2 1 1
martinezterapias/api/internal/adapters/primary/servico_handler.go:33.49,35.16 2 1
martinezterapias/api/internal/adapters/primary/servico_handler.go:35.16,38.3 2 1
martinezterapias/api/internal/adapters/primary/servico_handler.go:40.2,40.33 1 1
martinezterapias/api/internal/adapters/primary/servico_handler.go:53.50,55.16 2 1
martinezterapias/api/internal/adapters/primary/servico_handler.go:55.16,58.3 2 1
martinezterapias/api/internal/adapters/primary/servico_handler.go:60.2,61.16 2 1
martinezterapias/api/internal/adapters/primary/servico_handler.go:61.16,64.3 2 1
martinezterapias/api/internal/adapters/primary/servico_handler.go:66.2,66.32 1 1
martinezterapias/api/internal/adapters/primary/servico_handler.go:80.49,82.51 2 1
martinezterapias/api/internal/adapters/primary/servico_handler.go:82.51,85.3 2 0
martinezterapias/api/internal/adapters/primary/servico_handler.go:88.2,88.31 1 1
martinezterapias/api/internal/adapters/primary/servico_handler.go:88.31,91.3 2 1
martinezterapias/api/internal/adapters/primary/servico_handler.go:93.2,93.33 1 1
martinezterapias/api/internal/adapters/primary/servico_handler.go:93.33,96.3 2 1
martinezterapias/api/internal/adapters/primary/servico_handler.go:98.2,98.24 1 1
martinezterapias/api/internal/adapters/primary/servico_handler.go:98.24,101.3 2 1
martinezterapias/api/internal/adapters/primary/servico_handler.go:103.2,103.58 1 1
martinezterapias/api/internal/adapters/primary/servico_handler.go:103.58,106.3 2 0
martinezterapias/api/internal/adapters/primary/servico_handler.go:108.2,108.37 1 1
martinezterapias/api/internal/adapters/primary/servico_handler.go:124.49,126.16 2 1
martinezterapias/api/internal/adapters/primary/servico_handler.go:126.16,129.3 2 0
martinezterapias/api/internal/adapters/primary/servico_handler.go:132.2,133.16 2 1
martinezterapias/api/internal/adapters/primary/servico_handler.go:133.16,136.3 2 0
martinezterapias/api/internal/adapters/primary/servico_handler.go:138.2,139.51 2 1
martinezterapias/api/internal/adapters/primary/servico_handler.go:139.51,142.3 2 0
martinezterapias/api/internal/adapters/primary/servico_handler.go:145.2,147.58 2 1
martinezterapias/api/internal/adapters/primary/servico_handler.go:147.58,150.3 2 0
martinezterapias/api/internal/adapters/primary/servico_handler.go:152.2,152.32 1 1
martinezterapias/api/internal/adapters/primary/servico_handler.go:165.49,167.16 2 1
martinezterapias/api/internal/adapters/primary/servico_handler.go:167.16,170.3 2 0
martinezterapias/api/internal/adapters/primary/servico_handler.go:172.2,172.52 1 1
martinezterapias/api/internal/adapters/primary/servico_handler.go:172.52,175.3 2 1
martinezterapias/api/internal/adapters/primary/servico_handler.go:177.2,177.32 1 1
martinezterapias/api/internal/adapters/primary/user_handler.go:19.65,23.2 1 1
martinezterapias/api/internal/adapters/primary/user_handler.go:26.46,28.16 2 1
martinezterapias/api/internal/adapters/primary/user_handler.go:28.16,31.3 2 0
martinezterapias/api/internal/adapters/primary/user_handler.go:32.2,32.30 1 1
martinezterapias/api/internal/adapters/primary/user_handler.go:36.47,38.16 2 1
martinezterapias/api/internal/adapters/primary/user_handler.go:38.16,41.3 2 0
martinezterapias/api/internal/adapters/primary/user_handler.go:43.2,44.16 2 1
martinezterapias/api/internal/adapters/primary/user_handler.go:44.16,47.3 2 0
martinezterapias/api/internal/adapters/primary/user_handler.go:49.2,49.29 1 1
martinezterapias/api/internal/adapters/primary/user_handler.go:53.46,55.48 2 1
martinezterapias/api/internal/adapters/primary/user_handler.go:55.48,58.3 2 0
martinezterapias/api/internal/adapters/primary/user_handler.go:60.2,60.52 1 1
martinezterapias/api/internal/adapters/primary/user_handler.go:60.52,63.3 2 0
martinezterapias/api/internal/adapters/primary/user_handler.go:65.2,65.34 1 1
martinezterapias/api/internal/adapters/primary/user_handler.go:69.46,71.16 2 1
martinezterapias/api/internal/adapters/primary/user_handler.go:71.16,74.3 2 0
martinezterapias/api/internal/adapters/primary/user_handler.go:76.2,77.48 2 1
martinezterapias/api/internal/adapters/primary/user_handler.go:77.48,80.3 2 0
martinezterapias/api/internal/adapters/primary/user_handler.go:82.2,83.52 2 1
martinezterapias/api/internal/adapters/primary/user_handler.go:83.52,86.3 2 0
martinezterapias/api/internal/adapters/primary/user_handler.go:88.2,88.29 1 1
martinezterapias/api/internal/adapters/primary/user_handler.go:92.46,94.16 2 1
martinezterapias/api/internal/adapters/primary/user_handler.go:94.16,97.3 2 0
martinezterapias/api/internal/adapters/primary/user_handler.go:99.2,99.55 1 1
martinezterapias/api/internal/adapters/primary/user_handler.go:99.55,102.3 2 0
martinezterapias/api/internal/adapters/primary/user_handler.go:104.2,104.74 1 1
martinezterapias/api/internal/middleware/auth.go:26.64,27.30 1 1
martinezterapias/api/internal/middleware/auth.go:27.30,30.14 2 1
martinezterapias/api/internal/middleware/auth.go:30.14,33.4 2 0
martinezterapias/api/internal/middleware/auth.go:36.3,37.14 2 1
martinezterapias/api/internal/middleware/auth.go:37.14,40.4 2 0
martinezterapias/api/internal/middleware/auth.go:43.3,44.10 2 1
martinezterapias/api/internal/middleware/auth.go:44.10,47.4 2 0
martinezterapias/api/internal/middleware/auth.go:50.3,51.38 2 1
martinezterapias/api/internal/middleware/auth.go:51.38,52.19 1 1
martinezterapias/api/internal/middleware/auth.go:52.19,54.10 2 1
martinezterapias/api/internal/middleware/auth.go:58.3,58.17 1 1
martinezterapias/api/internal/middleware/auth.go:58.17,61.4 2 1
martinezterapias/api/internal/middleware/auth.go:63.3,63.11 1 1
martinezterapias/api/internal/middleware/auth.go:68.42,69.30 1 1
martinezterapias/api/internal/middleware/auth.go:69.30,72.23 2 1
martinezterapias/api/internal/middleware/auth.go:72.23,75.4 2 1
martinezterapias/api/internal/middleware/auth.go:78.3,79.32 2 1
martinezterapias/api/internal/middleware/auth.go:79.32,82.4 2 1
martinezterapias/api/internal/middleware/auth.go:86.3,89.28 3 1
martinezterapias/api/internal/middleware/auth.go:89.28,91.4 1 1
martinezterapias/api/internal/middleware/auth.go:91.9,94.85 2 0
martinezterapias/api/internal/middleware/auth.go:94.85,96.60 1 0
martinezterapias/api/internal/middleware/auth.go:96.60,98.6 1 0
martinezterapias/api/internal/middleware/auth.go:99.5,99.34 1 0
martinezterapias/api/internal/middleware/auth.go:102.4,102.18 1 0
martinezterapias/api/internal/middleware/auth.go:102.18,105.5 2 0
martinezterapias/api/internal/middleware/auth.go:108.4,108.74 1 0
martinezterapias/api/internal/middleware/auth.go:108.74,110.5 1 0
martinezterapias/api/internal/middleware/auth.go:110.10,113.5 2 0
martinezterapias/api/internal/middleware/auth.go:116.3,116.17 1 1
martinezterapias/api/internal/middleware/auth.go:116.17,119.4 2 1
martinezterapias/api/internal/middleware/auth.go:123.3,124.10 2 1
martinezterapias/api/internal/middleware/auth.go:124.10,127.4 2 0
martinezterapias/api/internal/middleware/auth.go:130.3,131.17 2 1
martinezterapias/api/internal/middleware/auth.go:131.17,134.4 2 0
martinezterapias/api/internal/middleware/auth.go:137.3,138.50 2 1
martinezterapias/api/internal/middleware/auth.go:138.50,140.4 1 1
martinezterapias/api/internal/middleware/auth.go:142.3,142.11 1 1
martinezterapias/api/internal/core/services/agendamento_service.go:26.28,33.2 1 0
martinezterapias/api/internal/core/services/agendamento_service.go:36.69,38.2 1 0
martinezterapias/api/internal/core/services/agendamento_service.go:41.81,43.2 1 0
martinezterapias/api/internal/core/services/agendamento_service.go:46.96,48.2 1 0
martinezterapias/api/internal/core/services/agendamento_service.go:51.110,53.2 1 0
martinezterapias/api/internal/core/services/agendamento_service.go:56.104,58.2 1 0
martinezterapias/api/internal/core/services/agendamento_service.go:61.105,63.2 1 0
martinezterapias/api/internal/core/services/agendamento_service.go:66.76,68.34 2 0
martinezterapias/api/internal/core/services/agendamento_service.go:68.34,70.3 1 0
martinezterapias/api/internal/core/services/agendamento_service.go:72.2,73.34 2 0
martinezterapias/api/internal/core/services/agendamento_service.go:73.34,75.3 1 0
martinezterapias/api/internal/core/services/agendamento_service.go:77.2,78.97 2 0
martinezterapias/api/internal/core/services/agendamento_service.go:78.97,80.3 1 0
martinezterapias/api/internal/core/services/agendamento_service.go:82.2,86.16 2 0
martinezterapias/api/internal/core/services/agendamento_service.go:86.16,88.3 1 0
martinezterapias/api/internal/core/services/agendamento_service.go:90.2,90.42 1 0
martinezterapias/api/internal/core/services/agendamento_service.go:90.42,91.95 1 0
martinezterapias/api/internal/core/services/agendamento_service.go:91.95,93.4 1 0
martinezterapias/api/internal/core/services/agendamento_service.go:96.2,96.35 1 0
martinezterapias/api/internal/core/services/agendamento_service.go:96.35,98.3 1 0
martinezterapias/api/internal/core/services/agendamento_service.go:100.2,100.32 1 0
martinezterapias/api/internal/core/services/agendamento_service.go:100.32,102.3 1 0
martinezterapias/api/internal/core/services/agendamento_service.go:104.2,104.30 1 0
martinezterapias/api/internal/core/services/agendamento_service.go:104.30,106.3 1 0
martinezterapias/api/internal/core/services/agendamento_service.go:108.2,108.35 1 0
martinezterapias/api/internal/core/services/agendamento_service.go:112.76,114.2 1 0
martinezterapias/api/internal/core/services/agendamento_service.go:117.96,119.2 1 0
martinezterapias/api/internal/core/services/agendamento_service.go:122.57,124.2 1 0
martinezterapias/api/internal/core/services/agendamento_service.go:127.94,130.16 2 0
martinezterapias/api/internal/core/services/agendamento_service.go:130.16,132.3 1 0
martinezterapias/api/internal/core/services/agendamento_service.go:135.2,135.40 1 0
martinezterapias/api/internal/core/services/agendamento_service.go:135.40,137.3 1 0
martinezterapias/api/internal/core/services/agendamento_service.go:140.2,141.16 2 0
martinezterapias/api/internal/core/services/agendamento_service.go:141.16,143.3 1 0
martinezterapias/api/internal/core/services/agendamento_service.go:146.2,147.16 2 0
martinezterapias/api/internal/core/services/agendamento_service.go:147.16,149.3 1 0
martinezterapias/api/internal/core/services/agendamento_service.go:153.2,155.16 3 0
martinezterapias/api/internal/core/services/agendamento_service.go:155.16,157.3 1 0
martinezterapias/api/internal/core/services/agendamento_service.go:159.2,159.12 1 0
martinezterapias/api/internal/core/services/anamnese_service.go:19.115,24.2 1 1
martinezterapias/api/internal/core/services/anamnese_service.go:27.63,29.2 1 1
martinezterapias/api/internal/core/services/anamnese_service.go:32.75,34.2 1 1
martinezterapias/api/internal/core/services/anamnese_service.go:37.90,39.2 1 1
martinezterapias/api/internal/core/services/anamnese_service.go:42.67,45.34 2 1
martinezterapias/api/internal/core/services/anamnese_service.go:45.34,47.3 1 1
martinezterapias/api/internal/core/services/anamnese_service.go:50.2,50.29 1 1
martinezterapias/api/internal/core/services/anamnese_service.go:50.29,52.3 1 1
martinezterapias/api/internal/core/services/anamnese_service.go:55.2,55.41 1 1
martinezterapias/api/internal/core/services/anamnese_service.go:55.41,57.3 1 0
martinezterapias/api/internal/core/services/anamnese_service.go:59.2,59.32 1 1
martinezterapias/api/internal/core/services/anamnese_service.go:63.67,65.2 1 1
martinezterapias/api/internal/core/services/cliente_service.go:19.75,23.2 1 1
martinezterapias/api/internal/core/services/cliente_service.go:26.61,28.2 1 1
martinezterapias/api/internal/core/services/cliente_service.go:31.73,33.2 1 1
martinezterapias/api/internal/core/services/cliente_service.go:36.75,38.2 1 0
martinezterapias/api/internal/core/services/cliente_service.go:41.75,43.2 1 0
martinezterapias/api/internal/core/services/cliente_service.go:46.64,48.25 1 1
martinezterapias/api/internal/core/services/cliente_service.go:48.25,50.44 2 1
martinezterapias/api/internal/core/services/cliente_service.go:50.44,52.4 1 1
martinezterapias/api/internal/core/services/cliente_service.go:56.2,56.28 1 1
martinezterapias/api/internal/core/services/cliente_service.go:56.28,58.3 1 1
martinezterapias/api/internal/core/services/cliente_service.go:61.2,66.31 3 1
martinezterapias/api/internal/core/services/cliente_service.go:70.64,72.2 1 1
martinezterapias/api/internal/core/services/cliente_service.go:75.53,77.2 1 1
martinezterapias/api/internal/core/services/servico_service.go:16.75,20.2 1 0
martinezterapias/api/internal/core/services/servico_service.go:23.61,25.2 1 0
martinezterapias/api/internal/core/services/servico_service.go:28.73,30.2 1 0
martinezterapias/api/internal/core/services/servico_service.go:33.64,35.28 1 0
martinezterapias/api/internal/core/services/servico_service.go:35.28,37.3 1 0
martinezterapias/api/internal/core/services/servico_service.go:39.2,39.31 1 0
martinezterapias/api/internal/core/services/servico_service.go:43.64,45.2 1 0
martinezterapias/api/internal/core/services/servico_service.go:48.53,50.2 1 0
martinezterapias/api/internal/core/services/user_service.go:14.66,18.2 1 0
martinezterapias/api/internal/core/services/user_service.go:21.55,23.2 1 0
martinezterapias/api/internal/core/services/user_service.go:26.62,28.2 1 0
martinezterapias/api/internal/core/services/user_service.go:31.55,34.2 1 0
martinezterapias/api/internal/core/services/user_service.go:37.55,40.2 1 0
martinezterapias/api/internal/core/services/user_service.go:43.45,45.2 1 0
martinezterapias/api/internal/core/services/usuario_service.go:25.120,30.2 1 0
martinezterapias/api/internal/core/services/usuario_service.go:33.61,35.2 1 1
martinezterapias/api/internal/core/services/usuario_service.go:38.73,40.2 1 1
martinezterapias/api/internal/core/services/usuario_service.go:43.84,46.39 2 1
martinezterapias/api/internal/core/services/usuario_service.go:46.39,48.3 1 1
martinezterapias/api/internal/core/services/usuario_service.go:51.2,52.16 2 1
martinezterapias/api/internal/core/services/usuario_service.go:52.16,54.3 1 0
martinezterapias/api/internal/core/services/usuario_service.go:57.2,57.28 1 1
martinezterapias/api/internal/core/services/usuario_service.go:57.28,59.3 1 1
martinezterapias/api/internal/core/services/usuario_service.go:61.2,66.26 4 1
martinezterapias/api/internal/core/services/usuario_service.go:66.26,68.3 1 0
martinezterapias/api/internal/core/services/usuario_service.go:70.2,70.31 1 1
martinezterapias/api/internal/core/services/usuario_service.go:74.94,77.34 2 1
martinezterapias/api/internal/core/services/usuario_service.go:77.34,79.3 1 1
martinezterapias/api/internal/core/services/usuario_service.go:82.2,82.20 1 1
martinezterapias/api/internal/core/services/usuario_service.go:82.20,84.3 1 1
martinezterapias/api/internal/core/services/usuario_service.go:87.2,88.16 2 1
martinezterapias/api/internal/core/services/usuario_service.go:88.16,90.3 1 0
martinezterapias/api/internal/core/services/usuario_service.go:93.2,103.16 3 1
martinezterapias/api/internal/core/services/usuario_service.go:103.16,105.3 1 0
martinezterapias/api/internal/core/services/usuario_service.go:108.2,114.22 6 1
martinezterapias/api/internal/core/services/usuario_service.go:118.64,121.16 2 0
martinezterapias/api/internal/core/services/usuario_service.go:121.16,123.3 1 0
martinezterapias/api/internal/core/services/usuario_service.go:126.2,126.29 1 0
martinezterapias/api/internal/core/services/usuario_service.go:126.29,128.3 1 0
martinezterapias/api/internal/core/services/usuario_service.go:130.2,130.31 1 0
martinezterapias/api/internal/core/services/usuario_service.go:134.53,136.2 1 0
martinezterapias/api/internal/core/services/usuario_service.go:139.82,141.16 2 0
martinezterapias/api/internal/core/services/usuario_service.go:141.16,143.3 1 0
martinezterapias/api/internal/core/services/usuario_service.go:146.2,148.21 2 0
martinezterapias/api/internal/core/services/usuario_service.go:152.76,154.2 1 0
martinezterapias/api/internal/core/services/usuario_service.go:157.125,160.16 2 1
martinezterapias/api/internal/core/services/usuario_service.go:160.16,162.3 1 1
martinezterapias/api/internal/core/services/usuario_service.go:165.2,166.16 2 1
martinezterapias/api/internal/core/services/usuario_service.go:166.16,168.3 1 0
martinezterapias/api/internal/core/services/usuario_service.go:171.2,174.62 1 1
martinezterapias/api/internal/core/services/usuario_service.go:174.62,176.3 1 0
martinezterapias/api/internal/core/services/usuario_service.go:179.2,179.46 1 1
